[Android_ShareefEmulator INFO ] 2023-12-27 09:41:03.817 ServerManager:20 - starting appium server
[Android_ShareefEmulator INFO ] 2023-12-27 09:41:10.421 ServerManager:29 - Appium server started
[Android_ShareefEmulator INFO ] 2023-12-27 09:41:10.449 DriverManager:28 - initializing Appium driver
[Android_ShareefEmulator INFO ] 2023-12-27 09:41:10.478 PropertyManager:17 - loading config properties
[Android_ShareefEmulator INFO ] 2023-12-27 09:41:10.486 CapabilitiesManager:17 - getting capabilities
[Android_ShareefEmulator INFO ] 2023-12-27 09:41:10.494 CapabilitiesManager:32 - appUrl isD:\Shareef\Mobile Automation - BDD Framework\AppiumBDD\src\test\resources\apps\Android.SauceLabs.Mobile.Sample.app.2.7.1.apk
[Android_ShareefEmulator INFO ] 2023-12-27 09:44:35.125 ServerManager:20 - starting appium server
[Android_ShareefEmulator INFO ] 2023-12-27 09:44:41.720 ServerManager:29 - Appium server started
[Android_ShareefEmulator INFO ] 2023-12-27 09:44:41.752 DriverManager:28 - initializing Appium driver
[Android_ShareefEmulator INFO ] 2023-12-27 09:44:41.784 PropertyManager:17 - loading config properties
[Android_ShareefEmulator INFO ] 2023-12-27 09:44:41.786 CapabilitiesManager:17 - getting capabilities
[Android_ShareefEmulator INFO ] 2023-12-27 09:44:41.796 CapabilitiesManager:32 - appUrl isD:\Shareef\Mobile Automation - BDD Framework\AppiumBDD\src\test\resources\apps\Android.SauceLabs.Mobile.Sample.app.2.7.1.apk
[Android_ShareefEmulator INFO ] 2023-12-27 09:44:54.935 DriverManager:40 - Driver is initialized
[Android_ShareefEmulator INFO ] 2023-12-27 09:45:54.965 ServerManager:20 - starting appium server
[Android_ShareefEmulator INFO ] 2023-12-27 09:46:00.594 ServerManager:29 - Appium server started
[Android_ShareefEmulator INFO ] 2023-12-27 09:46:00.611 DriverManager:28 - initializing Appium driver
[Android_ShareefEmulator INFO ] 2023-12-27 09:46:00.634 PropertyManager:17 - loading config properties
[Android_ShareefEmulator INFO ] 2023-12-27 09:46:00.635 CapabilitiesManager:17 - getting capabilities
[Android_ShareefEmulator INFO ] 2023-12-27 09:46:00.644 CapabilitiesManager:32 - appUrl isD:\Shareef\Mobile Automation - BDD Framework\AppiumBDD\src\test\resources\apps\Android.SauceLabs.Mobile.Sample.app.2.7.1.apk
[Android_ShareefEmulator INFO ] 2023-12-27 09:46:14.477 DriverManager:40 - Driver is initialized
[Android_ShareefEmulator INFO ] 2023-12-27 09:48:05.973 ServerManager:20 - starting appium server
[Android_ShareefEmulator INFO ] 2023-12-27 09:48:11.717 ServerManager:29 - Appium server started
[Android_ShareefEmulator INFO ] 2023-12-27 09:48:11.734 DriverManager:28 - initializing Appium driver
[Android_ShareefEmulator INFO ] 2023-12-27 09:48:11.758 PropertyManager:17 - loading config properties
[Android_ShareefEmulator INFO ] 2023-12-27 09:48:11.759 CapabilitiesManager:17 - getting capabilities
[Android_ShareefEmulator INFO ] 2023-12-27 09:48:11.768 CapabilitiesManager:32 - appUrl isD:\Shareef\Mobile Automation - BDD Framework\AppiumBDD\src\test\resources\apps\Android.SauceLabs.Mobile.Sample.app.2.7.1.apk
[Android_ShareefEmulator INFO ] 2023-12-27 09:48:19.920 DriverManager:40 - Driver is initialized
[Android_ShareefEmulator INFO ] 2023-12-27 09:51:11.240 ServerManager:20 - starting appium server
[Android_ShareefEmulator INFO ] 2023-12-27 09:51:17.381 ServerManager:29 - Appium server started
[Android_ShareefEmulator INFO ] 2023-12-27 09:51:17.412 DriverManager:28 - initializing Appium driver
[Android_ShareefEmulator INFO ] 2023-12-27 09:51:17.437 PropertyManager:17 - loading config properties
[Android_ShareefEmulator INFO ] 2023-12-27 09:51:17.439 CapabilitiesManager:17 - getting capabilities
[Android_ShareefEmulator INFO ] 2023-12-27 09:51:17.447 CapabilitiesManager:32 - appUrl isD:\Shareef\Mobile Automation - BDD Framework\AppiumBDD\src\test\resources\apps\Android.SauceLabs.Mobile.Sample.app.2.7.1.apk
[Android_ShareefEmulator INFO ] 2023-12-27 09:56:04.259 ServerManager:20 - starting appium server
[Android_ShareefEmulator INFO ] 2023-12-27 09:56:10.272 ServerManager:29 - Appium server started
[Android_ShareefEmulator INFO ] 2023-12-27 09:56:10.297 DriverManager:28 - initializing Appium driver
[Android_ShareefEmulator INFO ] 2023-12-27 09:56:10.318 PropertyManager:17 - loading config properties
[Android_ShareefEmulator INFO ] 2023-12-27 09:56:10.343 CapabilitiesManager:17 - getting capabilities
[Android_ShareefEmulator INFO ] 2023-12-27 09:56:10.355 CapabilitiesManager:28 - appUrl isD:\Shareef\Mobile Automation - BDD Framework\AppiumBDD\src\test\resources\apps\Android.SauceLabs.Mobile.Sample.app.2.7.1.apk
[Android_ShareefEmulator INFO ] 2023-12-27 09:56:30.683 DriverManager:40 - Driver is initialized
[Android_ShareefEmulator INFO ] 2023-12-27 09:57:43.666 ServerManager:20 - starting appium server
[Android_ShareefEmulator INFO ] 2023-12-27 09:57:49.606 ServerManager:29 - Appium server started
[Android_ShareefEmulator INFO ] 2023-12-27 09:57:49.641 DriverManager:28 - initializing Appium driver
[Android_ShareefEmulator INFO ] 2023-12-27 09:57:49.670 PropertyManager:17 - loading config properties
[Android_ShareefEmulator INFO ] 2023-12-27 09:57:49.671 CapabilitiesManager:17 - getting capabilities
[Android_ShareefEmulator INFO ] 2023-12-27 09:57:49.682 CapabilitiesManager:28 - appUrl isD:\Shareef\Mobile Automation - BDD Framework\AppiumBDD\src\test\resources\apps\Android.SauceLabs.Mobile.Sample.app.2.7.1.apk
[Android_ShareefEmulator INFO ] 2023-12-27 09:57:58.846 DriverManager:40 - Driver is initialized
[Android_ShareefEmulator INFO ] 2023-12-27 10:00:20.179 ServerManager:20 - starting appium server
[Android_ShareefEmulator INFO ] 2023-12-27 10:00:26.155 ServerManager:29 - Appium server started
[Android_ShareefEmulator INFO ] 2023-12-27 10:00:26.192 DriverManager:28 - initializing Appium driver
[Android_ShareefEmulator INFO ] 2023-12-27 10:00:26.220 PropertyManager:17 - loading config properties
[Android_ShareefEmulator INFO ] 2023-12-27 10:00:26.221 CapabilitiesManager:17 - getting capabilities
[Android_ShareefEmulator INFO ] 2023-12-27 10:00:26.230 CapabilitiesManager:28 - appUrl isD:\Shareef\Mobile Automation - BDD Framework\AppiumBDD\src\test\resources\apps\Android.SauceLabs.Mobile.Sample.app.2.7.1.apk
[Android_ShareefEmulator INFO ] 2023-12-27 10:00:39.286 DriverManager:40 - Driver is initialized
[Android_ShareefEmulator INFO ] 2023-12-27 10:17:20.437 ServerManager:20 - starting appium server
[Android_ShareefEmulator INFO ] 2023-12-27 10:17:26.577 ServerManager:29 - Appium server started
[Android_ShareefEmulator INFO ] 2023-12-27 10:17:26.604 DriverManager:28 - initializing Appium driver
[Android_ShareefEmulator INFO ] 2023-12-27 10:17:26.626 PropertyManager:17 - loading config properties
[Android_ShareefEmulator INFO ] 2023-12-27 10:17:26.627 CapabilitiesManager:17 - getting capabilities
[Android_ShareefEmulator INFO ] 2023-12-27 10:17:26.635 CapabilitiesManager:28 - appUrl isD:\Shareef\Mobile Automation - BDD Framework\AppiumBDD\src\test\resources\apps\Android.SauceLabs.Mobile.Sample.app.2.7.1.apk
[Android_ShareefEmulator INFO ] 2023-12-27 10:17:44.527 DriverManager:40 - Driver is initialized
[Android_ShareefEmulator INFO ] 2023-12-27 10:20:05.539 ServerManager:20 - starting appium server
[Android_ShareefEmulator INFO ] 2023-12-27 10:20:11.552 ServerManager:29 - Appium server started
[Android_ShareefEmulator INFO ] 2023-12-27 10:20:11.579 DriverManager:28 - initializing Appium driver
[Android_ShareefEmulator INFO ] 2023-12-27 10:20:11.601 PropertyManager:17 - loading config properties
[Android_ShareefEmulator INFO ] 2023-12-27 10:20:11.604 CapabilitiesManager:17 - getting capabilities
[Android_ShareefEmulator INFO ] 2023-12-27 10:20:11.615 CapabilitiesManager:28 - appUrl isD:\Shareef\Mobile Automation - BDD Framework\AppiumBDD\src\test\resources\apps\General-Store.apk
[Android_ShareefEmulator INFO ] 2023-12-27 10:20:24.861 DriverManager:40 - Driver is initialized
[Android_ShareefEmulator INFO ] 2023-12-27 10:21:00.863 ServerManager:20 - starting appium server
[Android_ShareefEmulator INFO ] 2023-12-27 10:21:06.830 ServerManager:29 - Appium server started
[Android_ShareefEmulator INFO ] 2023-12-27 10:21:06.845 DriverManager:28 - initializing Appium driver
[Android_ShareefEmulator INFO ] 2023-12-27 10:21:06.867 PropertyManager:17 - loading config properties
[Android_ShareefEmulator INFO ] 2023-12-27 10:21:06.869 CapabilitiesManager:17 - getting capabilities
[Android_ShareefEmulator INFO ] 2023-12-27 10:21:06.883 CapabilitiesManager:28 - appUrl isD:\Shareef\Mobile Automation - BDD Framework\AppiumBDD\src\test\resources\apps\General-Store.apk
[Android_ShareefEmulator INFO ] 2023-12-27 10:21:14.448 DriverManager:40 - Driver is initialized
[Android_ShareefEmulator INFO ] 2023-12-27 10:22:15.245 ServerManager:20 - starting appium server
[Android_ShareefEmulator INFO ] 2023-12-27 10:22:20.093 ServerManager:29 - Appium server started
[Android_ShareefEmulator INFO ] 2023-12-27 10:22:20.108 DriverManager:28 - initializing Appium driver
[Android_ShareefEmulator INFO ] 2023-12-27 10:22:20.125 PropertyManager:17 - loading config properties
[Android_ShareefEmulator INFO ] 2023-12-27 10:22:20.126 CapabilitiesManager:17 - getting capabilities
[Android_ShareefEmulator INFO ] 2023-12-27 10:22:20.135 CapabilitiesManager:28 - appUrl isD:\Shareef\Mobile Automation - BDD Framework\AppiumBDD\src\test\resources\apps\General-Store.apk
[Android_ShareefEmulator INFO ] 2023-12-27 10:22:28.098 DriverManager:40 - Driver is initialized
[Android_ShareefEmulator INFO ] 2023-12-27 11:13:44.747 ServerManager:20 - starting appium server
[Android_ShareefEmulator INFO ] 2023-12-27 11:13:51.503 ServerManager:29 - Appium server started
[Android_ShareefEmulator INFO ] 2023-12-27 11:13:51.529 DriverManager:28 - initializing Appium driver
[Android_ShareefEmulator INFO ] 2023-12-27 11:13:51.554 PropertyManager:17 - loading config properties
[Android_ShareefEmulator INFO ] 2023-12-27 11:13:51.557 CapabilitiesManager:17 - getting capabilities
[Android_ShareefEmulator INFO ] 2023-12-27 11:13:51.566 CapabilitiesManager:28 - appUrl isD:\Shareef\Mobile Automation - BDD Framework\AppiumBDD\src\test\resources\apps\General-Store.apk
[Android_ShareefEmulator INFO ] 2023-12-27 11:14:11.684 DriverManager:40 - Driver is initialized
[Android_ShareefEmulator INFO ] 2023-12-27 11:14:15.366 VideoManager:36 - video path: Android_ShareefEmulator\Videos\Login with invalid user name.mp4
[Android_ShareefEmulator INFO ] 2023-12-27 11:19:01.683 ServerManager:20 - starting appium server
[Android_ShareefEmulator INFO ] 2023-12-27 11:19:07.705 ServerManager:29 - Appium server started
[Android_ShareefEmulator INFO ] 2023-12-27 11:19:07.727 DriverManager:28 - initializing Appium driver
[Android_ShareefEmulator INFO ] 2023-12-27 11:19:07.749 PropertyManager:17 - loading config properties
[Android_ShareefEmulator INFO ] 2023-12-27 11:19:07.751 CapabilitiesManager:17 - getting capabilities
[Android_ShareefEmulator INFO ] 2023-12-27 11:19:07.761 CapabilitiesManager:28 - appUrl isD:\Shareef\Mobile Automation - BDD Framework\AppiumBDD\src\test\resources\apps\General-Store.apk
[Android_ShareefEmulator INFO ] 2023-12-27 11:19:14.869 DriverManager:40 - Driver is initialized
[Android_ShareefEmulator INFO ] 2023-12-27 11:19:53.559 ServerManager:20 - starting appium server
[Android_ShareefEmulator INFO ] 2023-12-27 11:19:58.325 ServerManager:29 - Appium server started
[Android_ShareefEmulator INFO ] 2023-12-27 11:19:58.339 DriverManager:28 - initializing Appium driver
[Android_ShareefEmulator INFO ] 2023-12-27 11:19:58.359 PropertyManager:17 - loading config properties
[Android_ShareefEmulator INFO ] 2023-12-27 11:19:58.360 CapabilitiesManager:17 - getting capabilities
[Android_ShareefEmulator INFO ] 2023-12-27 11:19:58.371 CapabilitiesManager:28 - appUrl isD:\Shareef\Mobile Automation - BDD Framework\AppiumBDD\src\test\resources\apps\General-Store.apk
[Android_ShareefEmulator INFO ] 2023-12-27 11:20:05.715 DriverManager:40 - Driver is initialized
[Android_ShareefEmulator INFO ] 2023-12-27 11:20:20.187 BasePage:68 - login with <username>
[Android_ShareefEmulator INFO ] 2023-12-27 11:20:21.063 VideoManager:36 - video path: Android_ShareefEmulator\Videos\General Store scenarios.mp4
[Android_ShareefEmulator INFO ] 2023-12-27 11:20:48.047 ServerManager:20 - starting appium server
[Android_ShareefEmulator INFO ] 2023-12-27 11:20:53.651 ServerManager:29 - Appium server started
[Android_ShareefEmulator INFO ] 2023-12-27 11:20:53.665 DriverManager:28 - initializing Appium driver
[Android_ShareefEmulator INFO ] 2023-12-27 11:20:53.684 PropertyManager:17 - loading config properties
[Android_ShareefEmulator INFO ] 2023-12-27 11:20:53.685 CapabilitiesManager:17 - getting capabilities
[Android_ShareefEmulator INFO ] 2023-12-27 11:20:53.697 CapabilitiesManager:28 - appUrl isD:\Shareef\Mobile Automation - BDD Framework\AppiumBDD\src\test\resources\apps\General-Store.apk
[Android_ShareefEmulator INFO ] 2023-12-27 11:21:00.486 DriverManager:40 - Driver is initialized
[Android_ShareefEmulator INFO ] 2023-12-27 11:21:14.329 BasePage:68 - login with <username>
[Android_ShareefEmulator INFO ] 2023-12-27 11:21:15.137 VideoManager:36 - video path: Android_ShareefEmulator\Videos\General Store scenarios.mp4
[Android_ShareefEmulator INFO ] 2023-12-27 11:23:14.760 ServerManager:20 - starting appium server
[Android_ShareefEmulator INFO ] 2023-12-27 11:23:19.023 ServerManager:29 - Appium server started
[Android_ShareefEmulator INFO ] 2023-12-27 11:23:19.038 DriverManager:28 - initializing Appium driver
[Android_ShareefEmulator INFO ] 2023-12-27 11:23:19.058 PropertyManager:17 - loading config properties
[Android_ShareefEmulator INFO ] 2023-12-27 11:23:19.059 CapabilitiesManager:17 - getting capabilities
[Android_ShareefEmulator INFO ] 2023-12-27 11:23:19.070 CapabilitiesManager:28 - appUrl isD:\Shareef\Mobile Automation - BDD Framework\AppiumBDD\src\test\resources\apps\General-Store.apk
[Android_ShareefEmulator INFO ] 2023-12-27 11:23:25.906 DriverManager:40 - Driver is initialized
[Android_ShareefEmulator INFO ] 2023-12-27 11:23:39.554 BasePage:68 - login with Shaheena
[Android_ShareefEmulator INFO ] 2023-12-27 11:23:40.334 VideoManager:36 - video path: Android_ShareefEmulator\Videos\General Store scenarios.mp4
[Android_ShareefEmulator INFO ] 2023-12-27 12:53:22.165 ServerManager:20 - starting appium server
[Android_ShareefEmulator INFO ] 2023-12-27 12:53:29.501 ServerManager:29 - Appium server started
[Android_ShareefEmulator INFO ] 2023-12-27 12:53:29.528 DriverManager:28 - initializing Appium driver
[Android_ShareefEmulator INFO ] 2023-12-27 12:53:29.554 PropertyManager:17 - loading config properties
[Android_ShareefEmulator INFO ] 2023-12-27 12:53:29.557 CapabilitiesManager:17 - getting capabilities
[Android_ShareefEmulator INFO ] 2023-12-27 12:53:29.566 CapabilitiesManager:28 - appUrl isD:\Shareef\Mobile Automation - BDD Framework\AppiumBDD\src\test\resources\apps\General-Store.apk
[Android_ShareefEmulator INFO ] 2023-12-27 12:53:43.043 DriverManager:40 - Driver is initialized
[Android_ShareefEmulator INFO ] 2023-12-27 12:53:57.103 BasePage:68 - login with Shaheena
[Android_ShareefEmulator INFO ] 2023-12-27 12:53:57.950 VideoManager:36 - video path: Android_ShareefEmulator\Videos\General Store scenarios.mp4
[Android_ShareefEmulator INFO ] 2023-12-27 13:23:06.915 ServerManager:20 - starting appium server
[Android_ShareefEmulator INFO ] 2023-12-27 13:23:14.222 ServerManager:29 - Appium server started
[Android_ShareefEmulator INFO ] 2023-12-27 13:23:14.251 DriverManager:28 - initializing Appium driver
[Android_ShareefEmulator INFO ] 2023-12-27 13:23:14.277 PropertyManager:17 - loading config properties
[Android_ShareefEmulator INFO ] 2023-12-27 13:23:14.279 CapabilitiesManager:17 - getting capabilities
[Android_ShareefEmulator INFO ] 2023-12-27 13:23:14.287 CapabilitiesManager:28 - appUrl isD:\Shareef\Mobile Automation - BDD Framework\AppiumBDD\src\test\resources\apps\General-Store.apk
[Android_ShareefEmulator INFO ] 2023-12-27 13:23:34.281 DriverManager:40 - Driver is initialized
[Android_ShareefEmulator INFO ] 2023-12-27 13:24:26.763 BasePage:71 - login with Shaheena
[Android_ShareefEmulator INFO ] 2023-12-27 13:24:29.087 VideoManager:36 - video path: Android_ShareefEmulator\Videos\General Store scenarios.mp4
[Android_ShareefEmulator INFO ] 2023-12-27 13:28:28.477 ServerManager:20 - starting appium server
[Android_ShareefEmulator INFO ] 2023-12-27 13:28:34.954 ServerManager:29 - Appium server started
[Android_ShareefEmulator INFO ] 2023-12-27 13:28:34.987 DriverManager:28 - initializing Appium driver
[Android_ShareefEmulator INFO ] 2023-12-27 13:28:35.016 PropertyManager:17 - loading config properties
[Android_ShareefEmulator INFO ] 2023-12-27 13:28:35.018 CapabilitiesManager:17 - getting capabilities
[Android_ShareefEmulator INFO ] 2023-12-27 13:28:35.028 CapabilitiesManager:28 - appUrl isD:\Shareef\Mobile Automation - BDD Framework\AppiumBDD\src\test\resources\apps\General-Store.apk
[Android_ShareefEmulator INFO ] 2023-12-27 13:28:45.492 DriverManager:40 - Driver is initialized
[Android_ShareefEmulator INFO ] 2023-12-27 13:29:37.965 BasePage:71 - login with Shaheena
[Android_ShareefEmulator INFO ] 2023-12-27 13:29:42.800 VideoManager:36 - video path: Android_ShareefEmulator\Videos\General Store scenarios.mp4
[Android_ShareefEmulator INFO ] 2023-12-27 15:09:31.037 ServerManager:20 - starting appium server
[Android_ShareefEmulator INFO ] 2023-12-27 15:09:38.520 ServerManager:29 - Appium server started
[Android_ShareefEmulator INFO ] 2023-12-27 15:09:38.534 DriverManager:28 - initializing Appium driver
[Android_ShareefEmulator INFO ] 2023-12-27 15:09:38.559 PropertyManager:17 - loading config properties
[Android_ShareefEmulator INFO ] 2023-12-27 15:09:38.562 CapabilitiesManager:17 - getting capabilities
[Android_ShareefEmulator INFO ] 2023-12-27 15:09:38.571 CapabilitiesManager:28 - appUrl isD:\Shareef\Mobile Automation - BDD Framework\AppiumBDD - Final\src\test\resources\apps\General-Store.apk
[Android_ShareefEmulator INFO ] 2023-12-27 15:10:00.085 DriverManager:40 - Driver is initialized
[Android_ShareefEmulator INFO ] 2023-12-27 15:10:53.097 BasePage:71 - login with Shaheena
[Android_ShareefEmulator INFO ] 2023-12-27 15:10:57.675 VideoManager:36 - video path: Android_ShareefEmulator\Videos\General Store scenarios.mp4
[Android_ShareefEmulator INFO ] 2023-12-27 15:18:26.738 ServerManager:20 - starting appium server
[Android_ShareefEmulator INFO ] 2023-12-27 15:18:32.733 ServerManager:29 - Appium server started
[Android_ShareefEmulator INFO ] 2023-12-27 15:18:32.749 DriverManager:28 - initializing Appium driver
[Android_ShareefEmulator INFO ] 2023-12-27 15:18:32.770 PropertyManager:17 - loading config properties
[Android_ShareefEmulator INFO ] 2023-12-27 15:18:32.773 CapabilitiesManager:17 - getting capabilities
[Android_ShareefEmulator INFO ] 2023-12-27 15:18:32.782 CapabilitiesManager:28 - appUrl isD:\Shareef\Mobile Automation - BDD Framework\Final Project\AppiumBDD - Final\src\test\resources\apps\General-Store.apk
[Android_ShareefEmulator INFO ] 2023-12-27 15:18:44.646 DriverManager:40 - Driver is initialized
[Android_ShareefEmulator INFO ] 2023-12-27 15:19:37.682 BasePage:71 - login with Shaheena
[Android_ShareefEmulator INFO ] 2023-12-27 15:19:42.214 VideoManager:36 - video path: Android_ShareefEmulator\Videos\General Store scenarios.mp4
[Android_ShareefEmulator INFO ] 2023-12-27 15:22:07.551 ServerManager:20 - starting appium server
[Android_ShareefEmulator INFO ] 2023-12-27 15:22:13.317 ServerManager:29 - Appium server started
[Android_ShareefEmulator INFO ] 2023-12-27 15:22:13.335 DriverManager:28 - initializing Appium driver
[Android_ShareefEmulator INFO ] 2023-12-27 15:22:13.362 PropertyManager:17 - loading config properties
[Android_ShareefEmulator INFO ] 2023-12-27 15:22:13.365 CapabilitiesManager:17 - getting capabilities
[Android_ShareefEmulator INFO ] 2023-12-27 15:22:13.377 CapabilitiesManager:28 - appUrl isD:\Shareef\Mobile Automation - BDD Framework\Working Folder\AppiumBDD - Final\src\test\resources\apps\General-Store.apk
[Android_ShareefEmulator INFO ] 2023-12-27 15:22:36.128 DriverManager:40 - Driver is initialized
[Android_ShareefEmulator INFO ] 2023-12-27 15:22:45.314 VideoManager:36 - video path: Android_ShareefEmulator\Videos\General Store scenarios.mp4
[Android_ShareefEmulator INFO ] 2023-12-27 15:24:26.480 ServerManager:20 - starting appium server
[Android_ShareefEmulator INFO ] 2023-12-27 15:24:32.926 ServerManager:29 - Appium server started
[Android_ShareefEmulator INFO ] 2023-12-27 15:24:32.947 DriverManager:28 - initializing Appium driver
[Android_ShareefEmulator INFO ] 2023-12-27 15:24:32.974 PropertyManager:17 - loading config properties
[Android_ShareefEmulator INFO ] 2023-12-27 15:24:32.978 CapabilitiesManager:17 - getting capabilities
[Android_ShareefEmulator INFO ] 2023-12-27 15:24:32.988 CapabilitiesManager:28 - appUrl isD:\Shareef\Mobile Automation - BDD Framework\Working Folder\AppiumBDD - Final\src\test\resources\apps\General-Store.apk
[Android_ShareefEmulator INFO ] 2023-12-27 15:24:52.614 DriverManager:40 - Driver is initialized
[Android_ShareefEmulator INFO ] 2023-12-27 15:25:47.416 BasePage:71 - login with Shaheena
[Android_ShareefEmulator INFO ] 2023-12-27 15:25:52.193 VideoManager:36 - video path: Android_ShareefEmulator\Videos\General Store scenarios.mp4
[Android_ShareefEmulator INFO ] 2023-12-27 15:52:09.890 ServerManager:20 - starting appium server
[Android_ShareefEmulator INFO ] 2023-12-27 15:52:16.924 ServerManager:29 - Appium server started
[Android_ShareefEmulator INFO ] 2023-12-27 15:52:16.950 DriverManager:28 - initializing Appium driver
[Android_ShareefEmulator INFO ] 2023-12-27 15:52:16.973 PropertyManager:17 - loading config properties
[Android_ShareefEmulator INFO ] 2023-12-27 15:52:16.975 CapabilitiesManager:17 - getting capabilities
[Android_ShareefEmulator INFO ] 2023-12-27 15:52:16.984 CapabilitiesManager:28 - appUrl isD:\Shareef\Mobile Automation - BDD Framework\Working Folder\AppiumBDD - Final\src\test\resources\apps\General-Store.apk
[Android_ShareefEmulator INFO ] 2023-12-27 15:52:38.873 DriverManager:40 - Driver is initialized
[Android_ShareefEmulator INFO ] 2023-12-27 15:52:47.353 VideoManager:36 - video path: Android_ShareefEmulator\Videos\General Store scenarios.mp4
[Android_ShareefEmulator INFO ] 2023-12-27 15:53:04.916 ServerManager:20 - starting appium server
[Android_ShareefEmulator INFO ] 2023-12-27 15:53:10.983 ServerManager:29 - Appium server started
[Android_ShareefEmulator INFO ] 2023-12-27 15:53:11.006 DriverManager:28 - initializing Appium driver
[Android_ShareefEmulator INFO ] 2023-12-27 15:53:11.024 PropertyManager:17 - loading config properties
[Android_ShareefEmulator INFO ] 2023-12-27 15:53:11.025 CapabilitiesManager:17 - getting capabilities
[Android_ShareefEmulator INFO ] 2023-12-27 15:53:11.034 CapabilitiesManager:28 - appUrl isD:\Shareef\Mobile Automation - BDD Framework\Working Folder\AppiumBDD - Final\src\test\resources\apps\General-Store.apk
[Android_ShareefEmulator INFO ] 2023-12-27 15:53:25.662 DriverManager:40 - Driver is initialized
[Android_ShareefEmulator INFO ] 2023-12-27 15:54:18.103 BasePage:71 - login with Shaheena
[Android_ShareefEmulator INFO ] 2023-12-27 15:54:22.734 VideoManager:36 - video path: Android_ShareefEmulator\Videos\General Store scenarios.mp4
[Android_ShareefEmulator INFO ] 2023-12-27 15:55:04.545 ServerManager:20 - starting appium server
[Android_ShareefEmulator INFO ] 2023-12-27 15:55:10.399 ServerManager:29 - Appium server started
[Android_ShareefEmulator INFO ] 2023-12-27 15:55:10.425 DriverManager:28 - initializing Appium driver
[Android_ShareefEmulator INFO ] 2023-12-27 15:55:10.457 PropertyManager:17 - loading config properties
[Android_ShareefEmulator INFO ] 2023-12-27 15:55:10.459 CapabilitiesManager:17 - getting capabilities
[Android_ShareefEmulator INFO ] 2023-12-27 15:55:10.470 CapabilitiesManager:28 - appUrl isD:\Shareef\Mobile Automation - BDD Framework\Working Folder\AppiumBDD - Final\src\test\resources\apps\General-Store.apk
[Android_ShareefEmulator INFO ] 2023-12-27 15:55:21.660 DriverManager:40 - Driver is initialized
[Android_ShareefEmulator INFO ] 2023-12-27 15:56:14.647 BasePage:71 - login with Shaheena
[Android_ShareefEmulator INFO ] 2023-12-27 15:56:16.753 VideoManager:36 - video path: Android_ShareefEmulator\Videos\General Store scenarios.mp4
[Android_ShareefEmulator INFO ] 2023-12-27 18:25:17.048 ServerManager:20 - starting appium server
[Android_ShareefEmulator INFO ] 2023-12-27 18:25:24.258 ServerManager:29 - Appium server started
[Android_ShareefEmulator INFO ] 2023-12-27 18:25:24.281 DriverManager:28 - initializing Appium driver
[Android_ShareefEmulator INFO ] 2023-12-27 18:25:24.308 PropertyManager:17 - loading config properties
[Android_ShareefEmulator INFO ] 2023-12-27 18:25:24.311 CapabilitiesManager:17 - getting capabilities
[Android_ShareefEmulator INFO ] 2023-12-27 18:25:24.321 CapabilitiesManager:28 - appUrl isD:\Shareef\Mobile Automation - BDD Framework\Working Folder\AppiumBDD - Final\src\test\resources\apps\General-Store.apk
[Android_ShareefEmulator INFO ] 2023-12-27 18:25:47.082 DriverManager:40 - Driver is initialized
[Android_ShareefEmulator INFO ] 2023-12-27 18:25:53.953 VideoManager:36 - video path: Android_ShareefEmulator\Videos\General Store scenarios.mp4
[Android_ShareefEmulator INFO ] 2023-12-27 18:26:34.432 ServerManager:20 - starting appium server
[Android_ShareefEmulator INFO ] 2023-12-27 18:26:40.515 ServerManager:29 - Appium server started
[Android_ShareefEmulator INFO ] 2023-12-27 18:26:40.545 DriverManager:28 - initializing Appium driver
[Android_ShareefEmulator INFO ] 2023-12-27 18:26:40.576 PropertyManager:17 - loading config properties
[Android_ShareefEmulator INFO ] 2023-12-27 18:26:40.577 CapabilitiesManager:17 - getting capabilities
[Android_ShareefEmulator INFO ] 2023-12-27 18:26:40.588 CapabilitiesManager:28 - appUrl isD:\Shareef\Mobile Automation - BDD Framework\Working Folder\AppiumBDD - Final\src\test\resources\apps\General-Store.apk
[Android_ShareefEmulator INFO ] 2023-12-27 18:26:54.375 DriverManager:40 - Driver is initialized
[Android_ShareefEmulator INFO ] 2023-12-27 18:27:45.568 BasePage:71 - login with Shaheena
[Android_ShareefEmulator INFO ] 2023-12-27 18:27:50.127 VideoManager:36 - video path: Android_ShareefEmulator\Videos\General Store scenarios.mp4
[Android_ShareefEmulator INFO ] 2023-12-27 18:36:49.504 ServerManager:20 - starting appium server
[Android_ShareefEmulator INFO ] 2023-12-27 18:36:56.273 ServerManager:29 - Appium server started
[Android_ShareefEmulator INFO ] 2023-12-27 18:36:56.295 DriverManager:28 - initializing Appium driver
[Android_ShareefEmulator INFO ] 2023-12-27 18:36:56.316 PropertyManager:17 - loading config properties
[Android_ShareefEmulator INFO ] 2023-12-27 18:36:56.319 CapabilitiesManager:17 - getting capabilities
[Android_ShareefEmulator INFO ] 2023-12-27 18:36:56.328 CapabilitiesManager:28 - appUrl isD:\Shareef\Mobile Automation - BDD Framework\Working Folder\AppiumBDD - Final\src\test\resources\apps\General-Store.apk
[Android_ShareefEmulator INFO ] 2023-12-27 18:37:17.909 DriverManager:40 - Driver is initialized
[Android_ShareefEmulator INFO ] 2023-12-27 18:37:26.587 VideoManager:36 - video path: Android_ShareefEmulator\Videos\General Store scenarios.mp4
[Android_ShareefEmulator INFO ] 2023-12-27 18:37:47.720 ServerManager:20 - starting appium server
[Android_ShareefEmulator INFO ] 2023-12-27 18:37:53.505 ServerManager:29 - Appium server started
[Android_ShareefEmulator INFO ] 2023-12-27 18:37:53.523 DriverManager:28 - initializing Appium driver
[Android_ShareefEmulator INFO ] 2023-12-27 18:37:53.544 PropertyManager:17 - loading config properties
[Android_ShareefEmulator INFO ] 2023-12-27 18:37:53.545 CapabilitiesManager:17 - getting capabilities
[Android_ShareefEmulator INFO ] 2023-12-27 18:37:53.555 CapabilitiesManager:28 - appUrl isD:\Shareef\Mobile Automation - BDD Framework\Working Folder\AppiumBDD - Final\src\test\resources\apps\General-Store.apk
[Android_ShareefEmulator INFO ] 2023-12-27 18:38:08.641 DriverManager:40 - Driver is initialized
[Android_ShareefEmulator INFO ] 2023-12-27 18:39:00.043 BasePage:71 - login with Shaheena
[Android_ShareefEmulator INFO ] 2023-12-27 18:39:05.161 VideoManager:36 - video path: Android_ShareefEmulator\Videos\General Store scenarios.mp4
[Android_ShareefEmulator INFO ] 2023-12-27 18:47:11.266 ServerManager:20 - starting appium server
[Android_ShareefEmulator INFO ] 2023-12-27 18:47:19.111 ServerManager:29 - Appium server started
[Android_ShareefEmulator INFO ] 2023-12-27 18:47:19.138 DriverManager:28 - initializing Appium driver
[Android_ShareefEmulator INFO ] 2023-12-27 18:47:19.159 PropertyManager:17 - loading config properties
[Android_ShareefEmulator INFO ] 2023-12-27 18:47:19.162 CapabilitiesManager:17 - getting capabilities
[Android_ShareefEmulator INFO ] 2023-12-27 18:47:19.169 CapabilitiesManager:28 - appUrl isD:\Shareef\Mobile Automation - BDD Framework\Working Folder\AppiumBDD - Final\src\test\resources\apps\General-Store.apk
[Android_ShareefEmulator INFO ] 2023-12-27 18:47:43.246 DriverManager:40 - Driver is initialized
[Android_ShareefEmulator INFO ] 2023-12-27 18:47:50.323 VideoManager:35 - video path: Android_ShareefEmulator\Videos\General Store scenarios.mp4
[Android_ShareefEmulator INFO ] 2023-12-27 18:48:03.070 ServerManager:20 - starting appium server
[Android_ShareefEmulator INFO ] 2023-12-27 18:48:09.086 ServerManager:29 - Appium server started
[Android_ShareefEmulator INFO ] 2023-12-27 18:48:09.103 DriverManager:28 - initializing Appium driver
[Android_ShareefEmulator INFO ] 2023-12-27 18:48:09.123 PropertyManager:17 - loading config properties
[Android_ShareefEmulator INFO ] 2023-12-27 18:48:09.125 CapabilitiesManager:17 - getting capabilities
[Android_ShareefEmulator INFO ] 2023-12-27 18:48:09.133 CapabilitiesManager:28 - appUrl isD:\Shareef\Mobile Automation - BDD Framework\Working Folder\AppiumBDD - Final\src\test\resources\apps\General-Store.apk
[Android_ShareefEmulator INFO ] 2023-12-27 18:48:20.094 DriverManager:40 - Driver is initialized
[Android_ShareefEmulator INFO ] 2023-12-27 18:49:11.170 BasePage:71 - login with Shaheena
[Android_ShareefEmulator INFO ] 2023-12-27 18:49:15.177 VideoManager:35 - video path: Android_ShareefEmulator\Videos\General Store scenarios.mp4
[Android_ShareefEmulator INFO ] 2023-12-27 18:49:57.500 ServerManager:20 - starting appium server
[Android_ShareefEmulator INFO ] 2023-12-27 18:50:03.910 ServerManager:29 - Appium server started
[Android_ShareefEmulator INFO ] 2023-12-27 18:50:03.927 DriverManager:28 - initializing Appium driver
[Android_ShareefEmulator INFO ] 2023-12-27 18:50:03.947 PropertyManager:17 - loading config properties
[Android_ShareefEmulator INFO ] 2023-12-27 18:50:03.949 CapabilitiesManager:17 - getting capabilities
[Android_ShareefEmulator INFO ] 2023-12-27 18:50:03.958 CapabilitiesManager:28 - appUrl isD:\Shareef\Mobile Automation - BDD Framework\Working Folder\AppiumBDD - Final\src\test\resources\apps\General-Store.apk
[Android_ShareefEmulator INFO ] 2023-12-27 18:50:11.703 DriverManager:40 - Driver is initialized
[Android_ShareefEmulator INFO ] 2023-12-27 18:51:02.116 BasePage:71 - login with Shaheena
[Android_ShareefEmulator INFO ] 2023-12-27 18:51:05.907 VideoManager:35 - video path: Android_ShareefEmulator\Videos\General Store scenarios.mp4
[Android_ShareefEmulator INFO ] 2023-12-27 18:54:16.442 ServerManager:20 - starting appium server
[Android_ShareefEmulator INFO ] 2023-12-27 18:54:22.458 ServerManager:29 - Appium server started
[Android_ShareefEmulator INFO ] 2023-12-27 18:54:22.488 DriverManager:28 - initializing Appium driver
[Android_ShareefEmulator INFO ] 2023-12-27 18:54:22.514 PropertyManager:17 - loading config properties
[Android_ShareefEmulator INFO ] 2023-12-27 18:54:22.516 CapabilitiesManager:17 - getting capabilities
[Android_ShareefEmulator INFO ] 2023-12-27 18:54:22.524 CapabilitiesManager:28 - appUrl isD:\Shareef\Mobile Automation - BDD Framework\Working Folder\AppiumBDD - Final\src\test\resources\apps\General-Store.apk
[Android_ShareefEmulator INFO ] 2023-12-27 18:54:44.688 DriverManager:40 - Driver is initialized
[Android_ShareefEmulator INFO ] 2023-12-27 18:55:36.758 BasePage:71 - login with Shaheena
[Android_ShareefEmulator INFO ] 2023-12-27 18:55:41.379 VideoManager:35 - video path: Android_ShareefEmulator\Videos\General Store scenarios.MPEG-4
[Android_ShareefEmulator INFO ] 2023-12-27 19:16:56.988 ServerManager:20 - starting appium server
[Android_ShareefEmulator INFO ] 2023-12-27 19:17:03.829 ServerManager:29 - Appium server started
[Android_ShareefEmulator INFO ] 2023-12-27 19:17:03.850 DriverManager:28 - initializing Appium driver
[Android_ShareefEmulator INFO ] 2023-12-27 19:17:03.875 PropertyManager:17 - loading config properties
[Android_ShareefEmulator INFO ] 2023-12-27 19:17:03.879 CapabilitiesManager:17 - getting capabilities
[Android_ShareefEmulator INFO ] 2023-12-27 19:17:03.888 CapabilitiesManager:28 - appUrl isD:\Shareef\Mobile Automation - BDD Framework\Working Folder\AppiumBDD - Final\src\test\resources\apps\General-Store.apk
[Android_ShareefEmulator INFO ] 2023-12-27 19:17:29.762 DriverManager:40 - Driver is initialized
[Android_ShareefEmulator INFO ] 2023-12-27 19:18:28.745 BasePage:71 - login with Shaheena
[Android_ShareefEmulator INFO ] 2023-12-27 19:18:34.222 VideoManager:35 - video path: Android_ShareefEmulator\Videos\General Store scenarios.MPEG-4
[Android_ShareefEmulator INFO ] 2023-12-27 22:01:18.310 ServerManager:20 - starting appium server
[Android_ShareefEmulator INFO ] 2023-12-27 22:01:25.921 ServerManager:29 - Appium server started
[Android_ShareefEmulator INFO ] 2023-12-27 22:01:25.955 DriverManager:28 - initializing Appium driver
[Android_ShareefEmulator INFO ] 2023-12-27 22:01:25.990 PropertyManager:17 - loading config properties
[Android_ShareefEmulator INFO ] 2023-12-27 22:01:25.992 CapabilitiesManager:17 - getting capabilities
[Android_ShareefEmulator INFO ] 2023-12-27 22:01:26.002 CapabilitiesManager:28 - appUrl isD:\Shareef\Mobile Automation - BDD Framework\Working Folder\AppiumBDDTestNG\src\test\resources\apps\General-Store.apk
[Android_ShareefEmulator INFO ] 2023-12-27 22:01:47.117 DriverManager:40 - Driver is initialized
[Android_ShareefEmulator INFO ] 2023-12-27 22:01:54.988 VideoManager:35 - video path: Android_ShareefEmulator\Videos\General Store scenarios.MPEG-4
[Android_ShareefEmulator INFO ] 2023-12-27 22:02:17.607 ServerManager:20 - starting appium server
[Android_ShareefEmulator INFO ] 2023-12-27 22:02:24.803 ServerManager:29 - Appium server started
[Android_ShareefEmulator INFO ] 2023-12-27 22:02:24.831 DriverManager:28 - initializing Appium driver
[Android_ShareefEmulator INFO ] 2023-12-27 22:02:24.854 PropertyManager:17 - loading config properties
[Android_ShareefEmulator INFO ] 2023-12-27 22:02:24.856 CapabilitiesManager:17 - getting capabilities
[Android_ShareefEmulator INFO ] 2023-12-27 22:02:24.865 CapabilitiesManager:28 - appUrl isD:\Shareef\Mobile Automation - BDD Framework\Working Folder\AppiumBDDTestNG\src\test\resources\apps\General-Store.apk
[Android_ShareefEmulator INFO ] 2023-12-27 22:02:41.263 DriverManager:40 - Driver is initialized
[Android_ShareefEmulator INFO ] 2023-12-27 22:02:48.856 VideoManager:35 - video path: Android_ShareefEmulator\Videos\General Store scenarios.MPEG-4
[Android_ShareefEmulator INFO ] 2023-12-27 22:03:43.890 ServerManager:20 - starting appium server
[Android_ShareefEmulator INFO ] 2023-12-27 22:03:51.588 ServerManager:29 - Appium server started
[Android_ShareefEmulator INFO ] 2023-12-27 22:03:51.606 DriverManager:28 - initializing Appium driver
[Android_ShareefEmulator INFO ] 2023-12-27 22:03:51.632 PropertyManager:17 - loading config properties
[Android_ShareefEmulator INFO ] 2023-12-27 22:03:51.635 CapabilitiesManager:17 - getting capabilities
[Android_ShareefEmulator INFO ] 2023-12-27 22:03:51.644 CapabilitiesManager:28 - appUrl isD:\Shareef\Mobile Automation - BDD Framework\Working Folder\AppiumBDDTestNG\src\test\resources\apps\General-Store.apk
[Android_ShareefEmulator INFO ] 2023-12-27 22:04:01.998 DriverManager:40 - Driver is initialized
[Android_ShareefEmulator INFO ] 2023-12-27 22:04:54.247 BasePage:71 - login with Shaheena
[Android_ShareefEmulator INFO ] 2023-12-27 22:04:58.756 VideoManager:35 - video path: Android_ShareefEmulator\Videos\General Store scenarios.MPEG-4
[Android_ShareefEmulator INFO ] 2023-12-27 22:06:43.634 ServerManager:20 - starting appium server
[Android_ShareefEmulator INFO ] 2023-12-27 22:06:49.924 ServerManager:29 - Appium server started
[Android_ShareefEmulator INFO ] 2023-12-27 22:06:49.951 DriverManager:28 - initializing Appium driver
[Android_ShareefEmulator INFO ] 2023-12-27 22:06:49.974 PropertyManager:17 - loading config properties
[Android_ShareefEmulator INFO ] 2023-12-27 22:06:49.977 CapabilitiesManager:17 - getting capabilities
[Android_ShareefEmulator INFO ] 2023-12-27 22:06:49.985 CapabilitiesManager:28 - appUrl isD:\Shareef\Mobile Automation - BDD Framework\Working Folder\AppiumBDDTestNG\src\test\resources\apps\General-Store.apk
[Android_ShareefEmulator INFO ] 2023-12-27 22:07:07.771 DriverManager:40 - Driver is initialized
[Android_ShareefEmulator INFO ] 2023-12-27 22:07:15.635 VideoManager:35 - video path: Android_ShareefEmulator\Videos\General Store scenarios.MPEG-4
[Android_ShareefEmulator INFO ] 2023-12-27 22:18:10.788 ServerManager:20 - starting appium server
[Android_ShareefEmulator INFO ] 2023-12-27 22:18:17.581 ServerManager:29 - Appium server started
[Android_ShareefEmulator INFO ] 2023-12-27 22:18:17.614 DriverManager:28 - initializing Appium driver
[Android_ShareefEmulator INFO ] 2023-12-27 22:18:17.641 PropertyManager:17 - loading config properties
[Android_ShareefEmulator INFO ] 2023-12-27 22:18:17.645 CapabilitiesManager:17 - getting capabilities
[Android_ShareefEmulator INFO ] 2023-12-27 22:18:17.656 CapabilitiesManager:28 - appUrl isD:\Shareef\Mobile Automation - BDD Framework\Working Folder\AppiumBDDTestNG\src\test\resources\apps\General-Store.apk
[Android_ShareefEmulator INFO ] 2023-12-27 22:18:41.008 DriverManager:40 - Driver is initialized
[Android_ShareefEmulator INFO ] 2023-12-27 22:19:36.585 BasePage:71 - login with Shaheena
[Android_ShareefEmulator INFO ] 2023-12-27 22:19:38.353 VideoManager:35 - video path: Android_ShareefEmulator\Videos\General Store scenarios.MPEG-4
[Android_ShareefEmulator INFO ] 2023-12-27 22:57:28.398 ServerManager:20 - starting appium server
[Android_ShareefEmulator INFO ] 2023-12-27 22:57:36.541 ServerManager:29 - Appium server started
[Android_ShareefEmulator INFO ] 2023-12-27 22:57:36.545 DriverManager:28 - initializing Appium driver
[Android_ShareefEmulator INFO ] 2023-12-27 22:57:36.577 PropertyManager:17 - loading config properties
[Android_ShareefEmulator INFO ] 2023-12-27 22:57:36.579 CapabilitiesManager:17 - getting capabilities
[Android_ShareefEmulator INFO ] 2023-12-27 22:57:36.586 CapabilitiesManager:28 - appUrl isD:\Shareef\Mobile Automation - BDD Framework\Working Folder\AppiumBDDTestNG\src\test\resources\apps\General-Store.apk
[Android_ShareefEmulator INFO ] 2023-12-27 22:58:00.769 DriverManager:40 - Driver is initialized
[Android_ShareefEmulator INFO ] 2023-12-27 22:58:54.587 BasePage:71 - login with Shaheena
[Android_ShareefEmulator INFO ] 2023-12-27 22:58:57.444 VideoManager:35 - video path: Android_ShareefEmulator\Videos\General Store scenarios.MPEG-4
[Android_ShareefEmulator INFO ] 2023-12-27 23:04:47.892 ServerManager:29 - Appium server started
[Android_ShareefEmulator INFO ] 2023-12-27 23:04:47.937 DriverManager:28 - initializing Appium driver
[Android_ShareefEmulator INFO ] 2023-12-27 23:04:47.968 PropertyManager:17 - loading config properties
[Android_ShareefEmulator INFO ] 2023-12-27 23:04:47.970 CapabilitiesManager:17 - getting capabilities
[Android_ShareefEmulator INFO ] 2023-12-27 23:04:47.981 CapabilitiesManager:28 - appUrl isD:\Shareef\Mobile Automation - BDD Framework\Working Folder\AppiumBDDTestNG\src\test\resources\apps\General-Store.apk
[Android_ShareefEmulator INFO ] 2023-12-27 23:05:16.643 DriverManager:40 - Driver is initialized
[Android_ShareefEmulator INFO ] 2023-12-27 23:05:21.846 VideoManager:35 - video path: Android_ShareefEmulator\Videos\General Store scenarios.MPEG-4
[Android_ShareefEmulator INFO ] 2023-12-27 23:05:59.742 ServerManager:29 - Appium server started
[Android_ShareefEmulator INFO ] 2023-12-27 23:05:59.772 DriverManager:28 - initializing Appium driver
[Android_ShareefEmulator INFO ] 2023-12-27 23:05:59.806 PropertyManager:17 - loading config properties
[Android_ShareefEmulator INFO ] 2023-12-27 23:05:59.809 CapabilitiesManager:17 - getting capabilities
[Android_ShareefEmulator INFO ] 2023-12-27 23:05:59.820 CapabilitiesManager:28 - appUrl isD:\Shareef\Mobile Automation - BDD Framework\Working Folder\AppiumBDDTestNG\src\test\resources\apps\General-Store.apk
[Android_ShareefEmulator INFO ] 2023-12-27 23:06:09.492 DriverManager:40 - Driver is initialized
[Android_ShareefEmulator INFO ] 2023-12-27 23:07:04.372 BasePage:71 - login with Shaheena
[Android_ShareefEmulator INFO ] 2023-12-27 23:07:06.569 VideoManager:35 - video path: Android_ShareefEmulator\Videos\General Store scenarios.MPEG-4
